Hmm...  Looks like a unified diff to me...
The text leading up to this was:
--------------------------
|--- src/base/misc/dosio.c.old	Sat Nov 11 00:06:08 1995
|+++ src/base/misc/dosio.c	Sat Jan 20 01:39:59 1996
--------------------------
Patching file src/base/misc/dosio.c using Plan A...
Hunk #1 succeeded at 277.
Hunk #2 succeeded at 288.
Hunk #3 succeeded at 428.
Hunk #4 succeeded at 439.
Hunk #5 succeeded at 527.
Hunk #6 succeeded at 542.
Hmm...  The next patch looks like a unified diff to me...
The text leading up to this was:
--------------------------
|--- src/base/misc/ioctl.c.old	Sat Jan 20 00:58:36 1996
|+++ src/base/misc/ioctl.c	Sat Jan 20 00:58:36 1996
--------------------------
(Creating file src/base/misc/ioctl.c...)
Patching file src/base/misc/ioctl.c using Plan A...
Hunk #1 succeeded at 1.
Hmm...  The next patch looks like a unified diff to me...
The text leading up to this was:
--------------------------
|--- src/base/misc/Makefile.old	Mon Dec 18 02:00:33 1995
|+++ src/base/misc/Makefile	Mon Jan 22 00:04:43 1996
--------------------------
Patching file src/base/misc/Makefile using Plan A...
Hunk #1 succeeded at 1.
Hmm...  The next patch looks like a unified diff to me...
The text leading up to this was:
--------------------------
|--- src/base/misc/dump.c.old	Mon Jan 22 02:04:55 1996
|+++ src/base/misc/dump.c	Mon Jan 22 02:05:00 1996
--------------------------
(Creating file src/base/misc/dump.c...)
Patching file src/base/misc/dump.c using Plan A...
Hunk #1 succeeded at 1.
Hmm...  The next patch looks like a unified diff to me...
The text leading up to this was:
--------------------------
|--- src/base/dev/misc/rtc.c.old	Sun Jan 21 23:04:29 1996
|+++ src/base/dev/misc/rtc.c	Sun Jan 21 23:14:14 1996
--------------------------
(Creating file src/base/dev/misc/rtc.c...)
Patching file src/base/dev/misc/rtc.c using Plan A...
Hunk #1 succeeded at 1.
Hmm...  The next patch looks like a unified diff to me...
The text leading up to this was:
--------------------------
|--- src/base/dev/misc/cmos.c.old	Sat Nov  4 18:46:43 1995
|+++ src/base/dev/misc/cmos.c	Sun Jan 21 23:15:24 1996
--------------------------
Patching file src/base/dev/misc/cmos.c using Plan A...
Hunk #1 succeeded at 21.
Hunk #2 succeeded at 165.
Hunk #3 succeeded at 183.
Hunk #4 succeeded at 252.
Hmm...  The next patch looks like a unified diff to me...
The text leading up to this was:
--------------------------
|--- src/base/dev/misc/timers.c.old	Sat Nov 11 00:06:08 1995
|+++ src/base/dev/misc/timers.c	Sun Jan 21 23:14:12 1996
--------------------------
Patching file src/base/dev/misc/timers.c using Plan A...
Hunk #1 succeeded at 210.
Hunk #2 succeeded at 222.
Hmm...  The next patch looks like a unified diff to me...
The text leading up to this was:
--------------------------
|--- src/base/dev/misc/Makefile.old	Mon Dec 18 02:00:33 1995
|+++ src/base/dev/misc/Makefile	Sun Jan 21 23:47:42 1996
--------------------------
Patching file src/base/dev/misc/Makefile using Plan A...
Hunk #1 succeeded at 2.
Hmm...  The next patch looks like a unified diff to me...
The text leading up to this was:
--------------------------
|--- src/base/async/dyndeb.c.old	Tue Nov  7 01:39:58 1995
|+++ src/base/async/dyndeb.c	Sat Jan 20 17:35:14 1996
--------------------------
Patching file src/base/async/dyndeb.c using Plan A...
Hunk #1 succeeded at 5.
Hmm...  The next patch looks like a unified diff to me...
The text leading up to this was:
--------------------------
|--- src/base/init/config.c.old	Sat Nov 11 00:06:08 1995
|+++ src/base/init/config.c	Sat Jan 20 17:53:33 1996
--------------------------
Patching file src/base/init/config.c using Plan A...
Hunk #1 succeeded at 36.
Hunk #2 succeeded at 466.
Hunk #3 succeeded at 588.
Hmm...  The next patch looks like a unified diff to me...
The text leading up to this was:
--------------------------
|--- src/base/data.c.old	Sat Nov  4 18:46:40 1995
|+++ src/base/data.c	Mon Jan 22 01:17:14 1996
--------------------------
Patching file src/base/data.c using Plan A...
Hunk #1 succeeded at 22.
Hmm...  The next patch looks like a unified diff to me...
The text leading up to this was:
--------------------------
|--- src/dosext/dpmi/dpmi.c.old	Sat Nov  4 18:46:44 1995
|+++ src/dosext/dpmi/dpmi.c	Sun Jan 21 20:30:13 1996
--------------------------
Patching file src/dosext/dpmi/dpmi.c using Plan A...
Hunk #1 succeeded at 238.
Hmm...  The next patch looks like a unified diff to me...
The text leading up to this was:
--------------------------
|--- src/dosext/dpmi/dpmi.h.old	Sat Nov  4 18:46:44 1995
|+++ src/dosext/dpmi/dpmi.h	Sun Jan 21 20:30:17 1996
--------------------------
Patching file src/dosext/dpmi/dpmi.h using Plan A...
Hunk #1 succeeded at 28.
Hmm...  The next patch looks like a unified diff to me...
The text leading up to this was:
--------------------------
|--- src/dosext/mfs/mfs.c.old	Sat Dec  9 17:33:18 1995
|+++ src/dosext/mfs/mfs.c	Mon Jan 22 01:30:20 1996
--------------------------
Patching file src/dosext/mfs/mfs.c using Plan A...
Hunk #1 succeeded at 567.
Hmm...  The next patch looks like a unified diff to me...
The text leading up to this was:
--------------------------
|--- src/emu-i386/ports.c.old	Sun Jan 21 17:21:25 1996
|+++ src/emu-i386/ports.c	Sun Jan 21 17:30:00 1996
--------------------------
(Creating file src/emu-i386/ports.c...)
Patching file src/emu-i386/ports.c using Plan A...
Hunk #1 succeeded at 1.
Hmm...  The next patch looks like a unified diff to me...
The text leading up to this was:
--------------------------
|--- src/emu-i386/Makefile.old	Mon Dec 18 02:00:33 1995
|+++ src/emu-i386/Makefile	Sun Jan 21 15:37:37 1996
--------------------------
Patching file src/emu-i386/Makefile using Plan A...
Hunk #1 succeeded at 1.
Hmm...  The next patch looks like a unified diff to me...
The text leading up to this was:
--------------------------
|--- src/emu-i386/do_vm86.c.old	Sun Jan 21 14:59:59 1996
|+++ src/emu-i386/do_vm86.c	Sun Jan 21 15:35:50 1996
--------------------------
(Creating file src/emu-i386/do_vm86.c...)
Patching file src/emu-i386/do_vm86.c using Plan A...
Hunk #1 succeeded at 1.
Hmm...  The next patch looks like a unified diff to me...
The text leading up to this was:
--------------------------
|--- src/emu-i386/cpu.c.old	Sun Nov  5 15:51:34 1995
|+++ src/emu-i386/cpu.c	Mon Jan 22 00:03:24 1996
--------------------------
Patching file src/emu-i386/cpu.c using Plan A...
Hunk #1 succeeded at 298.
Hunk #2 succeeded at 393.
Hmm...  The next patch looks like a unified diff to me...
The text leading up to this was:
--------------------------
|--- src/arch/linux/async/sigsegv.c.old	Sat Dec  9 17:33:19 1995
|+++ src/arch/linux/async/sigsegv.c	Sun Jan 21 20:53:53 1996
--------------------------
Patching file src/arch/linux/async/sigsegv.c using Plan A...
Hunk #1 succeeded at 194.
Hunk #2 succeeded at 640.
Hunk #3 succeeded at 1001.
Hmm...  The next patch looks like a unified diff to me...
The text leading up to this was:
--------------------------
|--- src/arch/linux/Makefile.main.old	Mon Dec 18 02:00:33 1995
|+++ src/arch/linux/Makefile.main	Sun Jan 21 01:46:41 1996
--------------------------
Patching file src/arch/linux/Makefile.main using Plan A...
Hunk #1 succeeded at 469.
Hunk #2 succeeded at 495.
Hmm...  The next patch looks like a unified diff to me...
The text leading up to this was:
--------------------------
|--- src/arch/netbsd/Makefile.main.old	Mon Dec 18 02:00:33 1995
|+++ src/arch/netbsd/Makefile.main	Sun Jan 21 01:48:55 1996
--------------------------
Patching file src/arch/netbsd/Makefile.main using Plan A...
Hunk #1 succeeded at 442.
Hunk #2 succeeded at 467.
Hmm...  The next patch looks like a unified diff to me...
The text leading up to this was:
--------------------------
|--- src/include/cmos.h.old	Sat Nov  4 18:46:47 1995
|+++ src/include/cmos.h	Sun Jan 21 22:55:24 1996
--------------------------
Patching file src/include/cmos.h using Plan A...
Hunk #1 succeeded at 10.
Hunk #2 succeeded at 50.
Hmm...  The next patch looks like a unified diff to me...
The text leading up to this was:
--------------------------
|--- src/include/types.h.old	Mon Jan 22 00:18:17 1996
|+++ src/include/types.h	Mon Jan 22 00:34:44 1996
--------------------------
(Creating file src/include/types.h...)
Patching file src/include/types.h using Plan A...
Hunk #1 succeeded at 1.
Hmm...  The next patch looks like a unified diff to me...
The text leading up to this was:
--------------------------
|--- src/include/emu.h.old	Sat Nov 11 00:06:08 1995
|+++ src/include/emu.h	Mon Jan 22 02:30:14 1996
--------------------------
Patching file src/include/emu.h using Plan A...
Hunk #1 succeeded at 48.
Hunk #2 succeeded at 206.
Hunk #3 succeeded at 518.
Hmm...  The next patch looks like a unified diff to me...
The text leading up to this was:
--------------------------
|--- src/include/priv.h.old	Mon Jan 22 00:57:36 1996
|+++ src/include/priv.h	Mon Jan 22 01:30:22 1996
--------------------------
(Creating file src/include/priv.h...)
Patching file src/include/priv.h using Plan A...
Hunk #1 succeeded at 1.
Hmm...  The next patch looks like a unified diff to me...
The text leading up to this was:
--------------------------
|--- src/emu.c.old	Sun Nov  5 15:51:35 1995
|+++ src/emu.c	Sun Jan 21 20:54:38 1996
--------------------------
Patching file src/emu.c using Plan A...
Hunk #1 succeeded at 480.
Hunk #2 succeeded at 489.
Hunk #3 succeeded at 658.
Hunk #4 succeeded at 1179.
Hunk #5 succeeded at 1194.
Hunk #6 succeeded at 1272.
Hunk #7 succeeded at 1327.
Hunk #8 succeeded at 1339.
Hunk #9 succeeded at 1354.
Hunk #10 succeeded at 1412.
done
