dosemu60/dosemu
                       --->  dosemu63/src/base/misc
dosemu63/src/base/misc/xms.c
                ---moved-->  dosemu63/src/dosext/misc
dosemu63/src/base/misc/emm.c
                ---moved-->  dosemu63/src/dosext/misc
dosemu63/src/base/misc/cmos.c
                ---moved-->  dosemu63/src/base/dev/misc
dosemu63/src/base/misc/timers.c
                ---moved-->  dosemu63/src/base/dev/misc
dosemu63/src/base/misc/lpt.c
                ---moved-->  dosemu63/src/base/dev/misc
dosemu63/src/base/misc/cpu.c
                ---moved-->  dosemu63/src/emu-i386
dosemu63/src/base/misc/dyndeb.c
                ---moved-->  dosemu63/src/base/async
dosemu63/src/base/misc/int.c
                ---moved-->  dosemu63/src/base/async
dosemu63/src/base/misc/sigsegv.c
                ---moved-->  dosemu63/src/arch/linux/async
dosemu63/src/base/misc/signal.c
                ---moved-->  dosemu63/src/arch/linux/async
dosemu63/src/base/misc/detach.c
                ---moved-->  dosemu63/src/env
dosemu60/init
                       --->  dosemu63/src/base/init
dosemu60/mouse
                       --->  dosemu63/src/base/mouse
dosemu60/bios
                       --->  dosemu63/src/base/bios
dosemu60/keyboard
                       --->  dosemu63/src/base/keyboard
dosemu60/serial
                       --->  dosemu63/src/base/serial
dosemu60/dma
                       --->  dosemu63/src/base/dev/dma
dosemu60/pic
                       --->  dosemu63/src/base/dev/pic
dosemu60/video
                       --->  dosemu63/src/env/video
dosemu63/src/env/video/int10.c
                ---moved-->  dosemu63/src/base/bios
dosemu60/dpmi
                       --->  dosemu63/src/dosext/dpmi
dosemu60/drivers
                       --->  dosemu63/src/dosext/drivers
dosemu60/mfs
                       --->  dosemu63/src/dosext/mfs
dosemu60/sound
                       --->  dosemu63/src/dosext/sound
dosemu60/ipxutils
                       --->  dosemu63/src/dosext/net/ipxutils
dosemu60/net
                       --->  dosemu63/src/dosext/net/net
dosemu60/v-net
                       --->  dosemu63/src/dosext/net/v-net
dosemu60/syscallmgr
                       --->  dosemu63/src/arch/linux/syscallmgr
dosemu60/emumod
                       --->  dosemu63/src/arch/linux/emumod
dosemu60/debugger
                       --->  dosemu63/src/arch/linux/debugger
dosemu63/src/arch/netbsd/async
               ---linked-->  ../linux/async
dosemu60/dosemu.keys
                       --->  dosemu63/etc/keymap
dosemu60/examples/config.dist
                       --->  dosemu63/etc/config.dist
dosemu60/include
                       --->  dosemu63/src/include
dosemu60/commands
                       --->  dosemu63/src/commands
dosemu63/src/commands/chdir.exe
                ---moved-->  dosemu63/src/commands/precompiled
dosemu63/src/commands/dosdbg.com
                ---moved-->  dosemu63/src/commands/precompiled
dosemu63/src/commands/dumpconf.exe
                ---moved-->  dosemu63/src/commands/precompiled
dosemu63/src/commands/emumouse.com
                ---moved-->  dosemu63/src/commands/precompiled
dosemu63/src/commands/emumouse.exe
                ---moved-->  dosemu63/src/commands/precompiled
dosemu63/src/commands/getcwd.exe
                ---moved-->  dosemu63/src/commands/precompiled
dosemu63/src/commands/isemu.com
                ---moved-->  dosemu63/src/commands/precompiled
dosemu63/src/commands/lancheck.exe
                ---moved-->  dosemu63/src/commands/precompiled
dosemu63/src/commands/lredir.com
                ---moved-->  dosemu63/src/commands/precompiled
dosemu63/src/commands/mgarrot.com
                ---moved-->  dosemu63/src/commands/precompiled
dosemu63/src/commands/system.exe
                ---moved-->  dosemu63/src/commands/precompiled
dosemu63/src/commands/unix.com
                ---moved-->  dosemu63/src/commands/precompiled
dosemu63-gen/autoexec.bat
                       --->  dosemu63/src/commands/precompiled/autoexec.bat
dosemu63-gen/config.sys
                       --->  dosemu63/src/commands/precompiled/config.sys
dosemu60/clients
                       --->  dosemu63/src/clients
dosemu60/periph
                       --->  dosemu63/src/tools/periph
NOTE: mkfatimage.c generates hdimage.dist, which is no longer a distributed binary
dosemu63-gen/mkfatimage.c
                       --->  dosemu63/src/tools/periph/mkfatimage.c
dosemu63-gen/README.mkfatimage
                       --->  dosemu63/src/tools/periph/README.mkfatimage
dosemu60/tools
                       --->  dosemu63/src/tools
dosemu63/src/tools/kversion.sh
                ---moved-->  dosemu63/src/arch/linux
dosemu63/src/tools/kversion-netbsd.sh
                ---moved-->  dosemu63/src/arch/netbsd
dosemu60/doc
                       --->  dosemu63/./doc
dosemu63/doc/dos.1
                ---moved-->  dosemu63/man
dosemu60/boot
                       --->  dosemu63/src/unused/boot
dosemu60/kernel
                       --->  dosemu63/src/unused/kernel
dosemu60/ipxbridge
                       --->  dosemu63/src/unused/ipxbridge
dosemu60/BOGUS-Notes
                       --->  dosemu63/src/BOGUS-Notes
dosemu60/ChangeLog
                       --->  dosemu63/src/ChangeLog
dosemu60/Configure
                       --->  dosemu63/src/Configure
dosemu60/Makefile
                       --->  dosemu63/src/Makefile
dosemu60/Makefile.NetBSD
                       --->  dosemu63/src/Makefile.NetBSD
dosemu60/Makefile.common
                       --->  dosemu63/src/Makefile.common
dosemu60/Makefile.linux
                       --->  dosemu63/src/Makefile.linux
dosemu60/QuickStart
                       --->  dosemu63/src/QuickStart
dosemu60/data.c
                       --->  dosemu63/src/data.c
dosemu60/dos.c
                       --->  dosemu63/src/dos.c
dosemu60/dosconfig.c
                       --->  dosemu63/src/dosconfig.c
dosemu60/dosemu.xpm
                       --->  dosemu63/src/dosemu.xpm
dosemu60/dosstatic.c
                       --->  dosemu63/src/dosstatic.c
dosemu60/emu.c
                       --->  dosemu63/src/emu.c
dosemu60/hddummy
                       --->  dosemu63/src/hddummy
dosemu60/libslang-elf.a
                       --->  dosemu63/src/libslang-elf.a
dosemu60/libslang.a
                       --->  dosemu63/src/libslang.a
dosemu60/load_module.sh
                       --->  dosemu63/src/load_module.sh
dosemu60/unload_module.sh
                       --->  dosemu63/src/unload_module.sh
dosemu60/vga.bdf
                       --->  dosemu63/src/vga.bdf
dosemu60/vga.pcf
                       --->  dosemu63/src/vga.pcf
dosemu60/x2dos.c
                       --->  dosemu63/src/x2dos.c
dosemu60/xinstallvgafont.sh
                       --->  dosemu63/src/xinstallvgafont.sh
dosemu60/xtermdos.sh
                       --->  dosemu63/src/xtermdos.sh
dosemu63/src/data.c
   ---moved_&_backlinked-->  base/data.c
dosemu63/src/dosemu.xpm
                ---moved-->  dosemu63/etc
dosemu63/src/vga.bdf
                ---moved-->  dosemu63/etc
dosemu63/src/vga.pcf
                ---moved-->  dosemu63/etc
dosemu63/src/xinstallvgafont.sh
                ---moved-->  dosemu63/etc
dosemu63/src/xtermdos.sh
                ---moved-->  dosemu63/etc
dosemu63/src/libslang-elf.a
                ---moved-->  dosemu63/src/lib
dosemu63/src/libslang.a
                ---moved-->  dosemu63/src/lib
dosemu63/src/Makefile.linux
                ---moved-->  dosemu63/src/arch/linux
dosemu63/src/Makefile.NetBSD
                ---moved-->  dosemu63/src/arch/netbsd
dosemu63/src/hddummy
                ---moved-->  dosemu63/etc
dosemu63/src/BOGUS-Notes
                ---moved-->  dosemu63/etc
dosemu63/src/load_module.sh
                ---moved-->  dosemu63/.
dosemu63/src/unload_module.sh
                ---moved-->  dosemu63/.
dosemu63/src/ChangeLog
                ---moved-->  dosemu63/.
dosemu63/src/QuickStart
                ---moved-->  dosemu63/.
