SillyG_do_irq 
		01/23/96, ./src/base/misc/dosio.c --> src/base/misc/ioctl.c
io_select 
		01/23/96, ./src/base/misc/dosio.c --> src/base/misc/ioctl.c
process_interrupt 
		01/23/96, ./src/base/misc/dosio.c --> src/base/misc/ioctl.c
BCD,cmos_date 
		01/23/96, ./src/base/dev/misc/cmos.c --> src/base/dev/misc/rtc.c
set_ticks 
		01/23/96, ./src/base/dev/misc/timers.c --> src/base/dev/misc/rtc.c
priv_on,priv_off,exchange_uids 
		01/23/96, ./src/dosext/mfs/mfs.c --> src/include/priv.h
show_regs,show_ints 
		01/23/96, ./src/emu-i386/cpu.c --> src/base/misc/dump.c
inb,inw,ind,outb,outw,outd 
		01/23/96, ./src/arch/linux/async/sigsegv.c --> src/emu-i386/ports.c
vm86_GP_fault 
		01/23/96, ./src/arch/linux/async/sigsegv.c --> src/emu-i386/do_vm86.c
run_vm86,NetBSD:vm86,vm86_return 
		01/23/96, ./src/emu.c --> src/emu-i386/do_vm86.c
set_ioperm 
		01/23/96, ./src/emu.c --> src/emu-i386/ports.c
io_select_init,add_to_io_select,remove_from_io_select,do_ioctl,queue_ioctl,do_queued_ioctl 
		01/23/96, ./src/emu.c --> src/base/misc/ioctl.c
NetBSD:set_bitmap,ioperm 
		01/23/96, ./src/emu.c --> src/emu-i386/ports.c
